[main] Building folder: diploma 
[build] Starting build
[proc] Executing command: "C:\Program Files\CMake\bin\cmake.EXE" --build c:/Study/skillbox/diploma/build --config Debug --target search_engine -j 22 --
[build] [ 20%] Built target gtest
[build] [ 40%] Built target gtest_main
[build] [ 50%] Building CXX object CMakeFiles/search_engine.dir/src/tests.cpp.obj
[build] [ 60%] Linking CXX executable search_engine.exe
[build] CMake Error at C:/Program Files/CMake/share/cmake-3.30/Modules/GoogleTestAddTests.cmake:112 (message):
[build]   Error running test executable.
[build] 
[build]     Path: 'C:/Study/skillbox/diploma/build/search_engine.exe'
[build]     Working directory: 'C:/Study/skillbox/diploma/build'
[build]     Result: 1
[build]     Output:
[build]       [==========] Running 5 tests from 2 test suites.
[build]       [----------] Global test environment set-up.
[build]       [----------] 3 tests from TestCaseInvertedIndex
[build]       [ RUN      ] TestCaseInvertedIndex.TestBasic
[build]       C:\Study\skillbox\diploma\source\src\tests.cpp:56: Failure
[build]       Expected equality of these values:
[build]         result
[build]           Which is: { { 16-byte object <00-00 00-00 00-00 00-00 01-00 00-00 00-00 00-00> }, { 16-byte object <00-00 00-00 00-00 00-00 01-00 00-00 00-00 00-00>, 16-byte object <01-00 00-00 00-00 00-00 03-00 00-00 00-00 00-00> } }
[build]         expected
[build]           Which is: { { 16-byte object <00-00 00-00 00-00 00-00 01-00 00-00 00-00 00-00> }, { 16-byte object <00-00 00-00 00-00 00-00 01-00 00-00 00-00 00-00>, 16-byte object <01-00 00-00 00-00 00-00 03-00 00-00 00-00 00-00> } }
[build]       [  FAILED  ] TestCaseInvertedIndex.TestBasic (3 ms)
[build]       [ RUN      ] TestCaseInvertedIndex.TestBasic2
[build]       C:\Study\skillbox\diploma\source\src\tests.cpp:56: Failure
[build]       Expected equality of these values:
[build]         result
[build]           Which is: { { 16-byte object <00-00 00-00 00-00 00-00 04-00 00-00 00-00 00-00>, 16-byte object <01-00 00-00 00-00 00-00 01-00 00-00 00-00 00-00>, 16-byte object <02-00 00-00 00-00 00-00 05-00 00-00 00-00 00-00> }, { 16-byte object <00-00 00-00 00-00 00-00 03-00 00-00 00-00 00-00>, 16-byte object <01-00 00-00 00-00 00-00 02-00 00-00 00-00 00-00>, 16-byte object <02-00 00-00 00-00 00-00 05-00 00-00 00-00 00-00> }, { 16-byte object <03-00 00-00 00-00 00-00 01-00 00-00 00-00 00-00> } }
[build]         expected
[build]           Which is: { { 16-byte object <00-00 00-00 00-00 00-00 04-00 00-00 00-00 00-00>, 16-byte object <01-00 00-00 00-00 00-00 01-00 00-00 00-00 00-00>, 16-byte object <02-00 00-00 00-00 00-00 05-00 00-00 00-00 00-00> }, { 16-byte object <00-00 00-00 00-00 00-00 03-00 00-00 00-00 00-00>, 16-byte object <01-00 00-00 00-00 00-00 02-00 00-00 00-00 00-00>, 16-byte object <02-00 00-00 00-00 00-00 05-00 00-00 00-00 00-00> }, { 16-byte object <03-00 00-00 00-00 00-00 01-00 00-00 00-00 00-00> } }
[build]       [  FAILED  ] TestCaseInvertedIndex.TestBasic2 (0 ms)
[build]       [ RUN      ] TestCaseInvertedIndex.TestInvertedIndexMissingWord
[build]       [       OK ] TestCaseInvertedIndex.TestInvertedIndexMissingWord (0 ms)
[build]       [----------] 3 tests from TestCaseInvertedIndex (3 ms total)
[build]       
[build]       [----------] 2 tests from TestCaseSearchServer
[build]       [ RUN      ] TestCaseSearchServer.TestSimple
[build]       [       OK ] TestCaseSearchServer.TestSimple (1 ms)
[build]       [ RUN      ] TestCaseSearchServer.TestTop5
[build]       [       OK ] TestCaseSearchServer.TestTop5 (1 ms)
[build]       [----------] 2 tests from TestCaseSearchServer (3 ms total)
[build]       
[build]       [----------] Global test environment tear-down
[build]       [==========] 5 tests from 2 test suites ran. (7 ms total)
[build]       [  PASSED  ] 3 tests.
[build]       [  FAILED  ] 2 tests, listed below:
[build]       [  FAILED  ] TestCaseInvertedIndex.TestBasic
[build]       [  FAILED  ] TestCaseInvertedIndex.TestBasic2
[build]       
[build]        2 FAILED TESTS
[build]       
[build] 
[build] Call Stack (most recent call first):
[build]   C:/Program Files/CMake/share/cmake-3.30/Modules/GoogleTestAddTests.cmake:226 (gtest_discover_tests_impl)
[build] 
[build] 
[build] mingw32-make[3]: *** [CMakeFiles\search_engine.dir\build.make:170: search_engine.exe] Error 1
[build] mingw32-make[3]: *** Deleting file 'search_engine.exe'
[build] mingw32-make[2]: *** [CMakeFiles\Makefile2:154: CMakeFiles/search_engine.dir/all] Error 2
[build] mingw32-make[1]: *** [CMakeFiles\Makefile2:161: CMakeFiles/search_engine.dir/rule] Error 2
[build] mingw32-make: *** [Makefile:178: search_engine] Error 2
[proc] The command: "C:\Program Files\CMake\bin\cmake.EXE" --build c:/Study/skillbox/diploma/build --config Debug --target search_engine -j 22 -- exited with code: 2
[driver] Build completed: 00:00:04.319
[build] Build finished with exit code 2
