[main] Building folder: diploma 
[build] Starting build
[proc] Executing command: "C:\Program Files\CMake\bin\cmake.EXE" --build c:/Study/skillbox/diploma/build --config Debug --target search_engine -j 22 --
[build] [ 20%] Built target gtest
[build] [ 40%] Built target gtest_main
[build] [ 50%] Linking CXX executable search_engine.exe
[build] terminate called after throwing an instance of 'AnswersJSONNotExistsException'
[build] CMake Error at C:/Program Files/CMake/share/cmake-3.30/Modules/GoogleTestAddTests.cmake:112 (message):
[build]   Error running test executable.
[build] 
[build]     Path: 'C:/Study/skillbox/diploma/build/search_engine.exe'
[build]     Working directory: 'C:/Study/skillbox/diploma/build'
[build]     Result: Exit code 0xc0000409
[build] 
[build]   
[build] 
[build]     Output:
[build]       5
[build]       File "C:\Study\skillbox\diploma\resources\file004.txt" does not exists!
[build]       answer makes beatiful
[build]       we are all different different as can be
[build]       seaport is a ship home
[build]       friends will be friends in all times
[build]       some words..
[build]       some words..
[build]       some words..
[build]       some words..
[build]       
[build] 
[build] Call Stack (most recent call first):
[build]   C:/Program Files/CMake/share/cmake-3.30/Modules/GoogleTestAddTests.cmake:226 (gtest_discover_tests_impl)
[build] 
[build] 
[build] mingw32-make[3]: *** [CMakeFiles\search_engine.dir\build.make:170: search_engine.exe] Error 1
[build] mingw32-make[3]: *** Deleting file 'search_engine.exe'
[build] mingw32-make[2]: *** [CMakeFiles\Makefile2:154: CMakeFiles/search_engine.dir/all] Error 2
[build] mingw32-make[1]: *** [CMakeFiles\Makefile2:161: CMakeFiles/search_engine.dir/rule] Error 2
[build] mingw32-make: *** [Makefile:178: search_engine] Error 2
[proc] The command: "C:\Program Files\CMake\bin\cmake.EXE" --build c:/Study/skillbox/diploma/build --config Debug --target search_engine -j 22 -- exited with code: 2
[driver] Build completed: 00:00:01.485
[build] Build finished with exit code 2
